  Pac-Man.cpp
c:\users\user\desktop\it-step\c++projects\it-projects\pac-man\pac-man\graphics.h(18): warning C4305: 'initializing': truncation from 'double' to 'float'
c:\users\user\desktop\it-step\c++projects\it-projects\pac-man\pac-man\graphics.h(20): warning C4305: 'initializing': truncation from 'double' to 'float'
c:\users\user\desktop\it-step\c++projects\it-projects\pac-man\pac-man\graphics.h(28): warning C4305: 'initializing': truncation from 'double' to 'float'
c:\users\user\desktop\it-step\c++projects\it-projects\pac-man\pac-man\graphics.h(29): warning C4305: 'initializing': truncation from 'double' to 'float'
c:\users\user\desktop\it-step\c++projects\it-projects\pac-man\pac-man\graphics.h(36): warning C4244: 'argument': conversion from 'float' to 'T', possible loss of data
          with
          [
              T=unsigned int
          ]
c:\users\user\desktop\it-step\c++projects\it-projects\pac-man\pac-man\graphics.h(36): warning C4244: 'argument': conversion from 'double' to 'T', possible loss of data
          with
          [
              T=unsigned int
          ]
c:\users\user\desktop\it-step\c++projects\it-projects\pac-man\pac-man\graphics.h(121): warning C4305: '=': truncation from 'double' to 'float'
c:\users\user\desktop\it-step\c++projects\it-projects\pac-man\pac-man\graphics.h(247): warning C4305: '-=': truncation from 'double' to 'float'
c:\users\user\desktop\it-step\c++projects\it-projects\pac-man\pac-man\graphics.h(251): warning C4305: '+=': truncation from 'double' to 'float'
c:\users\user\desktop\it-step\c++projects\it-projects\pac-man\pac-man\graphics.h(254): warning C4305: '-=': truncation from 'double' to 'float'
c:\users\user\desktop\it-step\c++projects\it-projects\pac-man\pac-man\graphics.h(258): warning C4305: '+=': truncation from 'double' to 'float'
c:\users\user\desktop\it-step\c++projects\it-projects\pac-man\pac-man\graphics.h(508): warning C4305: '=': truncation from 'double' to 'float'
c:\users\user\desktop\it-step\c++projects\it-projects\pac-man\pac-man\pac-man.cpp(6): warning C4244: 'argument': conversion from 'float' to 'T', possible loss of data
          with
          [
              T=unsigned int
          ]
c:\users\user\desktop\it-step\c++projects\it-projects\pac-man\pac-man\pac-man.cpp(7): warning C4244: 'argument': conversion from 'float' to 'T', possible loss of data
          with
          [
              T=unsigned int
          ]
c:\users\user\desktop\it-step\c++projects\it-projects\pac-man\pac-man\pac-man.cpp(9): warning C4244: 'argument': conversion from 'double' to 'T', possible loss of data
          with
          [
              T=unsigned int
          ]
c:\users\user\desktop\it-step\c++projects\it-projects\pac-man\pac-man\pac-man.cpp(9): warning C4244: 'argument': conversion from 'float' to 'T', possible loss of data
          with
          [
              T=unsigned int
          ]
c:\users\user\desktop\it-step\c++projects\it-projects\pac-man\pac-man\pac-man.cpp(15): warning C4244: 'argument': conversion from 'const T' to 'float', possible loss of data
          with
          [
              T=unsigned int
          ]
c:\users\user\desktop\it-step\c++projects\it-projects\pac-man\pac-man\pac-man.cpp(18): warning C4244: 'argument': conversion from 'const T' to 'float', possible loss of data
          with
          [
              T=unsigned int
          ]
c:\users\user\desktop\it-step\c++projects\it-projects\pac-man\pac-man\pac-man.cpp(24): warning C4244: 'argument': conversion from 'const T' to 'float', possible loss of data
          with
          [
              T=unsigned int
          ]
c:\users\user\desktop\it-step\c++projects\it-projects\pac-man\pac-man\pac-man.cpp(51): warning C4244: 'argument': conversion from 'float' to 'unsigned int', possible loss of data
c:\users\user\desktop\it-step\c++projects\it-projects\pac-man\pac-man\pac-man.cpp(57): warning C4244: 'argument': conversion from 'const T' to 'float', possible loss of data
          with
          [
              T=unsigned int
          ]
c:\users\user\desktop\it-step\c++projects\it-projects\pac-man\pac-man\pac-man.cpp(61): warning C4244: 'argument': conversion from 'double' to 'T', possible loss of data
          with
          [
              T=float
          ]
c:\users\user\desktop\it-step\c++projects\it-projects\pac-man\pac-man\pac-man.cpp(109): warning C4244: 'argument': conversion from 'const float' to 'T', possible loss of data
          with
          [
              T=int
          ]
c:\users\user\desktop\it-step\c++projects\it-projects\pac-man\pac-man\pac-man.cpp(109): warning C4244: 'argument': conversion from 'float' to 'T', possible loss of data
          with
          [
              T=int
          ]
c:\users\user\desktop\it-step\c++projects\it-projects\pac-man\pac-man\pac-man.cpp(118): warning C4244: 'argument': conversion from 'const float' to 'T', possible loss of data
          with
          [
              T=int
          ]
c:\users\user\desktop\it-step\c++projects\it-projects\pac-man\pac-man\pac-man.cpp(118): warning C4244: 'argument': conversion from 'float' to 'T', possible loss of data
          with
          [
              T=int
          ]
c:\users\user\desktop\it-step\c++projects\it-projects\pac-man\pac-man\pac-man.cpp(126): warning C4305: '+=': truncation from 'double' to 'float'
c:\users\user\desktop\it-step\c++projects\it-projects\pac-man\pac-man\pac-man.cpp(145): warning C4244: 'argument': conversion from 'const float' to 'T', possible loss of data
          with
          [
              T=int
          ]
c:\users\user\desktop\it-step\c++projects\it-projects\pac-man\pac-man\pac-man.cpp(149): warning C4244: 'argument': conversion from 'const float' to 'T', possible loss of data
          with
          [
              T=int
          ]
c:\users\user\desktop\it-step\c++projects\it-projects\pac-man\pac-man\pac-man.cpp(149): warning C4244: 'argument': conversion from 'float' to 'T', possible loss of data
          with
          [
              T=int
          ]
c:\users\user\desktop\it-step\c++projects\it-projects\pac-man\pac-man\graphics.h(450): warning C4715: 'Ghost::plotWay': not all control paths return a value
c:\users\user\desktop\it-step\c++projects\it-projects\pac-man\pac-man\graphics.h(236): warning C4715: 'Ghost::changeSide': not all control paths return a value
  Pac-Man.vcxproj -> C:\Users\user\Desktop\IT-Step\C++Projects\IT-Projects\Pac-Man\Debug\Pac-Man.exe
