  Pac-Man.cpp
c:\users\user\desktop\it-step\pac-man\pac-man\pac-man\graphics.h(18): warning C4305: 'initializing': truncation from 'double' to 'float'
c:\users\user\desktop\it-step\pac-man\pac-man\pac-man\graphics.h(20): warning C4305: 'initializing': truncation from 'double' to 'float'
c:\users\user\desktop\it-step\pac-man\pac-man\pac-man\graphics.h(28): warning C4305: 'initializing': truncation from 'double' to 'float'
c:\users\user\desktop\it-step\pac-man\pac-man\pac-man\graphics.h(29): warning C4305: 'initializing': truncation from 'double' to 'float'
c:\users\user\desktop\it-step\pac-man\pac-man\pac-man\graphics.h(36): warning C4244: 'argument': conversion from 'double' to 'T', possible loss of data
          with
          [
              T=unsigned int
          ]
c:\users\user\desktop\it-step\pac-man\pac-man\pac-man\graphics.h(120): warning C4305: '=': truncation from 'double' to 'float'
c:\users\user\desktop\it-step\pac-man\pac-man\pac-man\graphics.h(229): warning C4305: '-=': truncation from 'double' to 'float'
c:\users\user\desktop\it-step\pac-man\pac-man\pac-man\graphics.h(233): warning C4305: '+=': truncation from 'double' to 'float'
c:\users\user\desktop\it-step\pac-man\pac-man\pac-man\graphics.h(235): warning C4305: '-=': truncation from 'double' to 'float'
c:\users\user\desktop\it-step\pac-man\pac-man\pac-man\graphics.h(239): warning C4305: '+=': truncation from 'double' to 'float'
c:\users\user\desktop\it-step\pac-man\pac-man\pac-man\graphics.h(392): warning C4305: '=': truncation from 'double' to 'float'
c:\users\user\desktop\it-step\pac-man\pac-man\pac-man\pac-man.cpp(6): warning C4244: 'argument': conversion from 'float' to 'T', possible loss of data
          with
          [
              T=unsigned int
          ]
c:\users\user\desktop\it-step\pac-man\pac-man\pac-man\pac-man.cpp(7): warning C4244: 'argument': conversion from 'float' to 'T', possible loss of data
          with
          [
              T=unsigned int
          ]
c:\users\user\desktop\it-step\pac-man\pac-man\pac-man\pac-man.cpp(9): warning C4244: 'argument': conversion from 'double' to 'T', possible loss of data
          with
          [
              T=unsigned int
          ]
c:\users\user\desktop\it-step\pac-man\pac-man\pac-man\pac-man.cpp(9): warning C4244: 'argument': conversion from 'float' to 'T', possible loss of data
          with
          [
              T=unsigned int
          ]
c:\users\user\desktop\it-step\pac-man\pac-man\pac-man\pac-man.cpp(15): warning C4244: 'argument': conversion from 'const T' to 'float', possible loss of data
          with
          [
              T=unsigned int
          ]
c:\users\user\desktop\it-step\pac-man\pac-man\pac-man\pac-man.cpp(18): warning C4244: 'argument': conversion from 'const T' to 'float', possible loss of data
          with
          [
              T=unsigned int
          ]
c:\users\user\desktop\it-step\pac-man\pac-man\pac-man\pac-man.cpp(24): warning C4244: 'argument': conversion from 'const T' to 'float', possible loss of data
          with
          [
              T=unsigned int
          ]
c:\users\user\desktop\it-step\pac-man\pac-man\pac-man\pac-man.cpp(51): warning C4244: 'argument': conversion from 'float' to 'unsigned int', possible loss of data
c:\users\user\desktop\it-step\pac-man\pac-man\pac-man\pac-man.cpp(57): warning C4244: 'argument': conversion from 'const T' to 'float', possible loss of data
          with
          [
              T=unsigned int
          ]
c:\users\user\desktop\it-step\pac-man\pac-man\pac-man\pac-man.cpp(61): warning C4244: 'argument': conversion from 'double' to 'T', possible loss of data
          with
          [
              T=float
          ]
c:\users\user\desktop\it-step\pac-man\pac-man\pac-man\pac-man.cpp(109): warning C4244: 'argument': conversion from 'const float' to 'T', possible loss of data
          with
          [
              T=int
          ]
c:\users\user\desktop\it-step\pac-man\pac-man\pac-man\pac-man.cpp(109): warning C4244: 'argument': conversion from 'float' to 'T', possible loss of data
          with
          [
              T=int
          ]
c:\users\user\desktop\it-step\pac-man\pac-man\pac-man\pac-man.cpp(118): warning C4244: 'argument': conversion from 'const float' to 'T', possible loss of data
          with
          [
              T=int
          ]
c:\users\user\desktop\it-step\pac-man\pac-man\pac-man\pac-man.cpp(118): warning C4244: 'argument': conversion from 'float' to 'T', possible loss of data
          with
          [
              T=int
          ]
c:\users\user\desktop\it-step\pac-man\pac-man\pac-man\pac-man.cpp(126): warning C4305: '+=': truncation from 'double' to 'float'
c:\users\user\desktop\it-step\pac-man\pac-man\pac-man\pac-man.cpp(145): warning C4244: 'argument': conversion from 'const float' to 'T', possible loss of data
          with
          [
              T=int
          ]
c:\users\user\desktop\it-step\pac-man\pac-man\pac-man\pac-man.cpp(149): warning C4244: 'argument': conversion from 'const float' to 'T', possible loss of data
          with
          [
              T=int
          ]
c:\users\user\desktop\it-step\pac-man\pac-man\pac-man\pac-man.cpp(149): warning C4244: 'argument': conversion from 'float' to 'T', possible loss of data
          with
          [
              T=int
          ]
c:\users\user\desktop\it-step\pac-man\pac-man\pac-man\graphics.h(221): warning C4715: 'Ghost::changeSideBox': not all control paths return a value
  Pac-Man.vcxproj -> C:\Users\user\Desktop\IT-Step\Pac-Man\Pac-Man\Debug\Pac-Man.exe
