  Pac-Man.cpp
C:\Users\user\Desktop\IT-Step\Pac-Man\Pac-Man\Pac-Man\Graphics.h(14,31): warning C4305: 'initializing': truncation from 'double' to 'float'
C:\Users\user\Desktop\IT-Step\Pac-Man\Pac-Man\Pac-Man\Graphics.h(16,31): warning C4305: 'initializing': truncation from 'double' to 'float'
C:\Users\user\Desktop\IT-Step\Pac-Man\Pac-Man\Pac-Man\Graphics.h(24,30): warning C4305: 'initializing': truncation from 'double' to 'float'
C:\Users\user\Desktop\IT-Step\Pac-Man\Pac-Man\Pac-Man\Graphics.h(25,30): warning C4305: 'initializing': truncation from 'double' to 'float'
C:\Users\user\Desktop\IT-Step\Pac-Man\Pac-Man\Pac-Man\Graphics.h(110,1): warning C4305: '=': truncation from 'double' to 'float'
C:\Users\user\Desktop\IT-Step\Pac-Man\Pac-Man\Pac-Man\Graphics.h(235,1): warning C4305: '=': truncation from 'double' to 'float'
C:\Users\user\Desktop\IT-Step\Pac-Man\Pac-Man\Pac-Man\Pac-Man.cpp(6,76): warning C4244: 'argument': conversion from 'float' to 'T', possible loss of data
          with
          [
              T=unsigned int
          ]
C:\Users\user\Desktop\IT-Step\Pac-Man\Pac-Man\Pac-Man\Pac-Man.cpp(6,30): warning C4244: 'argument': conversion from 'float' to 'T', possible loss of data
          with
          [
              T=unsigned int
          ]
C:\Users\user\Desktop\IT-Step\Pac-Man\Pac-Man\Pac-Man\Pac-Man.cpp(7,76): warning C4244: 'argument': conversion from 'float' to 'T', possible loss of data
          with
          [
              T=unsigned int
          ]
C:\Users\user\Desktop\IT-Step\Pac-Man\Pac-Man\Pac-Man\Pac-Man.cpp(7,30): warning C4244: 'argument': conversion from 'float' to 'T', possible loss of data
          with
          [
              T=unsigned int
          ]
C:\Users\user\Desktop\IT-Step\Pac-Man\Pac-Man\Pac-Man\Pac-Man.cpp(9,94): warning C4244: 'argument': conversion from 'double' to 'T', possible loss of data
          with
          [
              T=unsigned int
          ]
C:\Users\user\Desktop\IT-Step\Pac-Man\Pac-Man\Pac-Man\Pac-Man.cpp(9,30): warning C4244: 'argument': conversion from 'float' to 'T', possible loss of data
          with
          [
              T=unsigned int
          ]
C:\Users\user\Desktop\IT-Step\Pac-Man\Pac-Man\Pac-Man\Pac-Man.cpp(17,45): warning C4244: 'argument': conversion from 'const T' to 'float', possible loss of data
          with
          [
              T=unsigned int
          ]
C:\Users\user\Desktop\IT-Step\Pac-Man\Pac-Man\Pac-Man\Pac-Man.cpp(17,33): warning C4244: 'argument': conversion from 'const T' to 'float', possible loss of data
          with
          [
              T=unsigned int
          ]
C:\Users\user\Desktop\IT-Step\Pac-Man\Pac-Man\Pac-Man\Pac-Man.cpp(20,71): warning C4244: 'argument': conversion from 'const T' to 'float', possible loss of data
          with
          [
              T=unsigned int
          ]
C:\Users\user\Desktop\IT-Step\Pac-Man\Pac-Man\Pac-Man\Pac-Man.cpp(26,68): warning C4244: 'argument': conversion from 'const T' to 'float', possible loss of data
          with
          [
              T=unsigned int
          ]
C:\Users\user\Desktop\IT-Step\Pac-Man\Pac-Man\Pac-Man\Pac-Man.cpp(49,72): warning C4244: 'argument': conversion from 'float' to 'unsigned int', possible loss of data
C:\Users\user\Desktop\IT-Step\Pac-Man\Pac-Man\Pac-Man\Pac-Man.cpp(49,40): warning C4244: 'argument': conversion from 'float' to 'unsigned int', possible loss of data
C:\Users\user\Desktop\IT-Step\Pac-Man\Pac-Man\Pac-Man\Pac-Man.cpp(55,39): warning C4244: 'argument': conversion from 'const T' to 'float', possible loss of data
          with
          [
              T=unsigned int
          ]
C:\Users\user\Desktop\IT-Step\Pac-Man\Pac-Man\Pac-Man\Pac-Man.cpp(55,27): warning C4244: 'argument': conversion from 'const T' to 'float', possible loss of data
          with
          [
              T=unsigned int
          ]
C:\Users\user\Desktop\IT-Step\Pac-Man\Pac-Man\Pac-Man\Pac-Man.cpp(59,73): warning C4244: 'argument': conversion from 'double' to 'T', possible loss of data
          with
          [
              T=float
          ]
C:\Users\user\Desktop\IT-Step\Pac-Man\Pac-Man\Pac-Man\Pac-Man.cpp(107,164): warning C4244: 'argument': conversion from 'const float' to 'T', possible loss of data
          with
          [
              T=int
          ]
C:\Users\user\Desktop\IT-Step\Pac-Man\Pac-Man\Pac-Man\Pac-Man.cpp(107,149): warning C4244: 'argument': conversion from 'float' to 'T', possible loss of data
          with
          [
              T=int
          ]
C:\Users\user\Desktop\IT-Step\Pac-Man\Pac-Man\Pac-Man\Pac-Man.cpp(107,103): warning C4244: 'argument': conversion from 'float' to 'T', possible loss of data
          with
          [
              T=int
          ]
C:\Users\user\Desktop\IT-Step\Pac-Man\Pac-Man\Pac-Man\Pac-Man.cpp(107,79): warning C4244: 'argument': conversion from 'float' to 'T', possible loss of data
          with
          [
              T=int
          ]
C:\Users\user\Desktop\IT-Step\Pac-Man\Pac-Man\Pac-Man\Pac-Man.cpp(116,125): warning C4244: 'argument': conversion from 'const float' to 'T', possible loss of data
          with
          [
              T=int
          ]
C:\Users\user\Desktop\IT-Step\Pac-Man\Pac-Man\Pac-Man\Pac-Man.cpp(116,110): warning C4244: 'argument': conversion from 'const float' to 'T', possible loss of data
          with
          [
              T=int
          ]
C:\Users\user\Desktop\IT-Step\Pac-Man\Pac-Man\Pac-Man\Pac-Man.cpp(116,91): warning C4244: 'argument': conversion from 'float' to 'T', possible loss of data
          with
          [
              T=int
          ]
C:\Users\user\Desktop\IT-Step\Pac-Man\Pac-Man\Pac-Man\Pac-Man.cpp(116,64): warning C4244: 'argument': conversion from 'float' to 'T', possible loss of data
          with
          [
              T=int
          ]
C:\Users\user\Desktop\IT-Step\Pac-Man\Pac-Man\Pac-Man\Pac-Man.cpp(133,98): warning C4244: 'argument': conversion from 'const float' to 'T', possible loss of data
          with
          [
              T=int
          ]
C:\Users\user\Desktop\IT-Step\Pac-Man\Pac-Man\Pac-Man\Pac-Man.cpp(133,83): warning C4244: 'argument': conversion from 'const float' to 'T', possible loss of data
          with
          [
              T=int
          ]
C:\Users\user\Desktop\IT-Step\Pac-Man\Pac-Man\Pac-Man\Pac-Man.cpp(133,70): warning C4244: 'argument': conversion from 'const float' to 'T', possible loss of data
          with
          [
              T=int
          ]
C:\Users\user\Desktop\IT-Step\Pac-Man\Pac-Man\Pac-Man\Pac-Man.cpp(133,57): warning C4244: 'argument': conversion from 'const float' to 'T', possible loss of data
          with
          [
              T=int
          ]
C:\Users\user\Desktop\IT-Step\Pac-Man\Pac-Man\Pac-Man\Pac-Man.cpp(137,114): warning C4244: 'argument': conversion from 'const float' to 'T', possible loss of data
          with
          [
              T=int
          ]
C:\Users\user\Desktop\IT-Step\Pac-Man\Pac-Man\Pac-Man\Pac-Man.cpp(137,99): warning C4244: 'argument': conversion from 'const float' to 'T', possible loss of data
          with
          [
              T=int
          ]
C:\Users\user\Desktop\IT-Step\Pac-Man\Pac-Man\Pac-Man\Pac-Man.cpp(137,86): warning C4244: 'argument': conversion from 'const float' to 'T', possible loss of data
          with
          [
              T=int
          ]
C:\Users\user\Desktop\IT-Step\Pac-Man\Pac-Man\Pac-Man\Pac-Man.cpp(137,71): warning C4244: 'argument': conversion from 'float' to 'T', possible loss of data
          with
          [
              T=int
          ]
Pac-Man.obj : error LNK2001: unresolved external symbol "__declspec(dllimport) public: static class sf::RenderStates const sf::RenderStates::Default" (__imp_?Default@RenderStates@sf@@2V12@B)
Pac-Man.obj : error LNK2001: unresolved external symbol "__declspec(dllimport) public: void __thiscall sf::Transformable::scale(class sf::Vector2<float> const &)" (__imp_?scale@Transformable@sf@@QAEXABV?$Vector2@M@2@@Z)
Pac-Man.obj : error LNK2001: unresolved external symbol "__declspec(dllimport) public: void __thiscall sf::Transformable::setPosition(float,float)" (__imp_?setPosition@Transformable@sf@@QAEXMM@Z)
Pac-Man.obj : error LNK2001: unresolved external symbol "__declspec(dllimport) public: class sf::Vector2<unsigned int> __thiscall sf::Texture::getSize(void)const " (__imp_?getSize@Texture@sf@@QBE?AV?$Vector2@I@2@XZ)
Pac-Man.obj : error LNK2001: unresolved external symbol "__declspec(dllimport) public: bool __thiscall sf::Texture::loadFromFile(class std::basic_string<char,struct std::char_traits<char>,class std::allocator<char> > const &,class sf::Rect<int> const &)" (__imp_?loadFromFile@Texture@sf@@QAE_NABV?$basic_string@DU?$char_traits@D@std@@V?$allocator@D@2@@std@@ABV?$Rect@H@2@@Z)
Pac-Man.obj : error LNK2001: unresolved external symbol "__declspec(dllimport) public: __thiscall sf::Texture::~Texture(void)" (__imp_??1Texture@sf@@QAE@XZ)
Pac-Man.obj : error LNK2001: unresolved external symbol "__declspec(dllimport) public: __thiscall sf::Texture::Texture(void)" (__imp_??0Texture@sf@@QAE@XZ)
Pac-Man.obj : error LNK2001: unresolved external symbol "__declspec(dllimport) public: virtual __thiscall sf::RenderWindow::~RenderWindow(void)" (__imp_??1RenderWindow@sf@@UAE@XZ)
Pac-Man.obj : error LNK2001: unresolved external symbol "__declspec(dllimport) public: __thiscall sf::RenderWindow::RenderWindow(class sf::VideoMode,class sf::String const &,unsigned int,struct sf::ContextSettings const &)" (__imp_??0RenderWindow@sf@@QAE@VVideoMode@1@ABVString@1@IABUContextSettings@1@@Z)
Pac-Man.obj : error LNK2001: unresolved external symbol "__declspec(dllimport) public: __thiscall sf::Color::Color(unsigned char,unsigned char,unsigned char,unsigned char)" (__imp_??0Color@sf@@QAE@EEEE@Z)
Pac-Man.obj : error LNK2001: unresolved external symbol "__declspec(dllimport) public: void __thiscall sf::Window::display(void)" (__imp_?display@Window@sf@@QAEXXZ)
Pac-Man.obj : error LNK2001: unresolved external symbol "__declspec(dllimport) public: bool __thiscall sf::Window::pollEvent(class sf::Event &)" (__imp_?pollEvent@Window@sf@@QAE_NAAVEvent@2@@Z)
Pac-Man.obj : error LNK2001: unresolved external symbol "__declspec(dllimport) public: bool __thiscall sf::Window::isOpen(void)const " (__imp_?isOpen@Window@sf@@QBE_NXZ)
Pac-Man.obj : error LNK2001: unresolved external symbol "__declspec(dllimport) public: void __thiscall sf::Window::close(void)" (__imp_?close@Window@sf@@QAEXXZ)
Pac-Man.obj : error LNK2001: unresolved external symbol "__declspec(dllimport) public: void __thiscall sf::RenderTarget::draw(class sf::Drawable const &,class sf::RenderStates const &)" (__imp_?draw@RenderTarget@sf@@QAEXABVDrawable@2@ABVRenderStates@2@@Z)
Pac-Man.obj : error LNK2001: unresolved external symbol "__declspec(dllimport) public: void __thiscall sf::RenderTarget::clear(class sf::Color const &)" (__imp_?clear@RenderTarget@sf@@QAEXABVColor@2@@Z)
Pac-Man.obj : error LNK2001: unresolved external symbol "__declspec(dllimport) public: __thiscall sf::String::String(char const *,class std::locale const &)" (__imp_??0String@sf@@QAE@PBDABVlocale@std@@@Z)
Pac-Man.obj : error LNK2001: unresolved external symbol "__declspec(dllimport) public: __thiscall sf::VideoMode::VideoMode(unsigned int,unsigned int,unsigned int)" (__imp_??0VideoMode@sf@@QAE@III@Z)
Pac-Man.obj : error LNK2001: unresolved external symbol "__declspec(dllimport) public: void __thiscall sf::Sprite::setTextureRect(class sf::Rect<int> const &)" (__imp_?setTextureRect@Sprite@sf@@QAEXABV?$Rect@H@2@@Z)
Pac-Man.obj : error LNK2001: unresolved external symbol "__declspec(dllimport) public: __thiscall sf::Sprite::Sprite(class sf::Texture const &)" (__imp_??0Sprite@sf@@QAE@ABVTexture@1@@Z)
Pac-Man.obj : error LNK2001: unresolved external symbol "__declspec(dllimport) public: __thiscall sf::String::~String(void)" (__imp_??1String@sf@@QAE@XZ)
Pac-Man.obj : error LNK2001: unresolved external symbol "__declspec(dllimport) public: virtual __thiscall sf::Sprite::~Sprite(void)" (__imp_??1Sprite@sf@@UAE@XZ)
C:\Users\user\Desktop\IT-Step\Pac-Man\Pac-Man\Release\Pac-Man.exe : fatal error LNK1120: 22 unresolved externals
